Using pre-set license
Built from '2022.3/staging' branch; Version is '2022.3.10f1 (ff3792e53c62) revision 16725906'; Using compiler version '192829333'; Build Type 'Release'
OS: 'Windows 11  (10.0.22631) 64bit Core' Language: 'pt' Physical Memory: 16230 MB
BatchMode: 1, IsHumanControllingUs: 0, StartBugReporterOnCrash: 0, Is64bit: 1, IsPro: 1

COMMAND LINE ARGUMENTS:
C:\Program Files\Unity\Hub\Editor\2022.3.10f1\Editor\Unity.exe
-adb2
-batchMode
-noUpm
-name
AssetImportWorker8
-projectPath
C:/Users/leand/PJ3/PJ3
-logFile
Logs/AssetImportWorker8.log
-srvPort
55015
Successfully changed project path to: C:/Users/leand/PJ3/PJ3
C:/Users/leand/PJ3/PJ3
[UnityMemory] Configuration Parameters - Can be set up in boot.config
    "memorysetup-bucket-allocator-granularity=16"
    "memorysetup-bucket-allocator-bucket-count=8"
    "memorysetup-bucket-allocator-block-size=33554432"
    "memorysetup-bucket-allocator-block-count=8"
    "memorysetup-main-allocator-block-size=16777216"
    "memorysetup-thread-allocator-block-size=16777216"
    "memorysetup-gfx-main-allocator-block-size=16777216"
    "memorysetup-gfx-thread-allocator-block-size=16777216"
    "memorysetup-cache-allocator-block-size=4194304"
    "memorysetup-typetree-allocator-block-size=2097152"
    "memorysetup-profiler-bucket-allocator-granularity=16"
    "memorysetup-profiler-bucket-allocator-bucket-count=8"
    "memorysetup-profiler-bucket-allocator-block-size=33554432"
    "memorysetup-profiler-bucket-allocator-block-count=8"
    "memorysetup-profiler-allocator-block-size=16777216"
    "memorysetup-profiler-editor-allocator-block-size=1048576"
    "memorysetup-temp-allocator-size-main=16777216"
    "memorysetup-job-temp-allocator-block-size=2097152"
    "memorysetup-job-temp-allocator-block-size-background=1048576"
    "memorysetup-job-temp-allocator-reduction-small-platforms=262144"
    "memorysetup-allocator-temp-initial-block-size-main=262144"
    "memorysetup-allocator-temp-initial-block-size-worker=262144"
    "memorysetup-temp-allocator-size-background-worker=32768"
    "memorysetup-temp-allocator-size-job-worker=262144"
    "memorysetup-temp-allocator-size-preload-manager=33554432"
    "memorysetup-temp-allocator-size-nav-mesh-worker=65536"
    "memorysetup-temp-allocator-size-audio-worker=65536"
    "memorysetup-temp-allocator-size-cloud-worker=32768"
    "memorysetup-temp-allocator-size-gi-baking-worker=262144"
    "memorysetup-temp-allocator-size-gfx=262144"
Player connection [28588] Host "[IP] 192.168.56.1 [Port] 0 [Flags] 2 [Guid] 3070314310 [EditorId] 3070314310 [Version] 1048832 [Id] WindowsEditor(7,DESKTOP-28D9HTE) [Debug] 1 [PackageName] WindowsEditor [ProjectName] Editor" joined multi-casting on [225.0.0.222:54997]...

Player connection [28588] Host "[IP] 192.168.56.1 [Port] 0 [Flags] 2 [Guid] 3070314310 [EditorId] 3070314310 [Version] 1048832 [Id] WindowsEditor(7,DESKTOP-28D9HTE) [Debug] 1 [PackageName] WindowsEditor [ProjectName] Editor" joined alternative multi-casting on [225.0.0.222:34997]...

[Physics::Module] Initialized MultithreadedJobDispatcher with 11 workers.
Refreshing native plugins compatible for Editor in 13.27 ms, found 3 plugins.
Preloading 0 native plugins for Editor in 0.00 ms.
Initialize engine version: 2022.3.10f1 (ff3792e53c62)
[Subsystems] Discovering subsystems at path C:/Program Files/Unity/Hub/Editor/2022.3.10f1/Editor/Data/Resources/UnitySubsystems
[Subsystems] Discovering subsystems at path C:/Users/leand/PJ3/PJ3/Assets
GfxDevice: creating device client; threaded=0; jobified=0
Direct3D:
    Version:  Direct3D 11.0 [level 11.1]
    Renderer: NVIDIA GeForce GTX 1050 Ti (ID=0x1c21)
    Vendor:   NVIDIA
    VRAM:     3989 MB
    Driver:   31.0.15.5212
Initialize mono
Mono path[0] = 'C:/Program Files/Unity/Hub/Editor/2022.3.10f1/Editor/Data/Managed'
Mono path[1] = 'C:/Program Files/Unity/Hub/Editor/2022.3.10f1/Editor/Data/MonoBleedingEdge/lib/mono/unityjit-win32'
Mono config path = 'C:/Program Files/Unity/Hub/Editor/2022.3.10f1/Editor/Data/MonoBleedingEdge/etc'
Using monoOptions --debugger-agent=transport=dt_socket,embedding=1,server=y,suspend=n,address=127.0.0.1:56232
Begin MonoManager ReloadAssembly
Registering precompiled unity dll's ...
Register platform support module: C:/Program Files/Unity/Hub/Editor/2022.3.10f1/Editor/Data/PlaybackEngines/WebGLSupport/UnityEditor.WebGL.Extensions.dll
Register platform support module: C:/Program Files/Unity/Hub/Editor/2022.3.10f1/Editor/Data/PlaybackEngines/WindowsStandaloneSupport/UnityEditor.WindowsStandalone.Extensions.dll
Registered in 0.009546 seconds.
- Loaded All Assemblies, in  0.397 seconds
Native extension for WindowsStandalone target not found
Native extension for WebGL target not found
Mono: successfully reloaded assembly
- Finished resetting the current domain, in  0.291 seconds
Domain Reload Profiling: 684ms
	BeginReloadAssembly (121ms)
		ExecutionOrderSort (0ms)
		DisableScriptedObjects (0ms)
		BackupInstance (0ms)
		ReleaseScriptingObjects (0ms)
		CreateAndSetChildDomain (1ms)
	RebuildCommonClasses (38ms)
	RebuildNativeTypeToScriptingClass (12ms)
	initialDomainReloadingComplete (67ms)
	LoadAllAssembliesAndSetupDomain (154ms)
		LoadAssemblies (117ms)
		RebuildTransferFunctionScriptingTraits (0ms)
		AnalyzeDomain (152ms)
			TypeCache.Refresh (151ms)
				TypeCache.ScanAssembly (136ms)
			ScanForSourceGeneratedMonoScriptInfo (0ms)
			ResolveRequiredComponents (1ms)
	FinalizeReload (292ms)
		ReleaseScriptCaches (0ms)
		RebuildScriptCaches (0ms)
		SetupLoadedEditorAssemblies (216ms)
			LogAssemblyErrors (0ms)
			InitializePlatformSupportModulesInManaged (11ms)
			SetLoadedEditorAssemblies (6ms)
			RefreshPlugins (0ms)
			BeforeProcessingInitializeOnLoad (2ms)
			ProcessInitializeOnLoadAttributes (143ms)
			ProcessInitializeOnLoadMethodAttributes (54ms)
			AfterProcessingInitializeOnLoad (0ms)
			EditorAssembliesLoaded (0ms)
		ExecutionOrderSort2 (0ms)
		AwakeInstancesAfterBackupRestoration (0ms)
========================================================================
Worker process is ready to serve import requests
Begin MonoManager ReloadAssembly
- Loaded All Assemblies, in  0.697 seconds
Refreshing native plugins compatible for Editor in 5.14 ms, found 3 plugins.
Native extension for WindowsStandalone target not found
Native extension for WebGL target not found
Package Manager log level set to [2]
[Package Manager] Server::EnsureServerProcessIsRunning -- launch failed, reason: Unity was launched with the -noUpm command-line argument
[Package Manager] UpmClient::Send -- Unable to send message (not connected to UPM process).
[Package Manager] Cannot connect to Unity Package Manager local server
Mono: successfully reloaded assembly
- Finished resetting the current domain, in  0.661 seconds
Domain Reload Profiling: 1351ms
	BeginReloadAssembly (168ms)
		ExecutionOrderSort (0ms)
		DisableScriptedObjects (6ms)
		BackupInstance (0ms)
		ReleaseScriptingObjects (0ms)
		CreateAndSetChildDomain (22ms)
	RebuildCommonClasses (38ms)
	RebuildNativeTypeToScriptingClass (12ms)
	initialDomainReloadingComplete (48ms)
	LoadAllAssembliesAndSetupDomain (423ms)
		LoadAssemblies (326ms)
		RebuildTransferFunctionScriptingTraits (0ms)
		AnalyzeDomain (196ms)
			TypeCache.Refresh (173ms)
				TypeCache.ScanAssembly (158ms)
			ScanForSourceGeneratedMonoScriptInfo (16ms)
			ResolveRequiredComponents (5ms)
	FinalizeReload (661ms)
		ReleaseScriptCaches (0ms)
		RebuildScriptCaches (0ms)
		SetupLoadedEditorAssemblies (456ms)
			LogAssemblyErrors (0ms)
			InitializePlatformSupportModulesInManaged (7ms)
			SetLoadedEditorAssemblies (3ms)
			RefreshPlugins (0ms)
			BeforeProcessingInitializeOnLoad (64ms)
			ProcessInitializeOnLoadAttributes (350ms)
			ProcessInitializeOnLoadMethodAttributes (21ms)
			AfterProcessingInitializeOnLoad (11ms)
			EditorAssembliesLoaded (0ms)
		ExecutionOrderSort2 (0ms)
		AwakeInstancesAfterBackupRestoration (10ms)
Launched and connected shader compiler UnityShaderCompiler.exe after 0.05 seconds
Refreshing native plugins compatible for Editor in 5.50 ms, found 3 plugins.
Preloading 0 native plugins for Editor in 0.00 ms.
Unloading 3272 Unused Serialized files (Serialized files now loaded: 0)
Unloading 43 unused Assets / (1.3 MB). Loaded Objects now: 3740.
Memory consumption went from 138.7 MB to 137.4 MB.
Total: 3.744200 ms (FindLiveObjects: 0.257800 ms CreateObjectMapping: 0.190200 ms MarkObjects: 2.990300 ms  DeleteObjects: 0.305100 ms)

AssetImportParameters requested are different than current active one (requested -> active):
  custom:container-demuxer-ogg: 62fdf1f143b41e24485cea50d1cbac27 -> 
  custom:video-codec-MediaFoundation-h265: e54d7ab0439102e2317fc1e4b246158d -> 
  custom:video-decoder-ogg-theora: a1e56fd34408186e4bbccfd4996cb3dc -> 
  custom:framework-win-MediaFoundation: 216162199b28c13a410421893ffa2e32 -> 
  custom:CustomObjectIndexerAttribute: 756ad292c208cfabdd7b50bc23989ffe -> 
  custom:container-demuxer-webm: 4f35f7cbe854078d1ac9338744f61a02 -> 
  custom:container-muxer-webm: aa71ff27fc2769a1b78a27578f13a17b -> 
  custom:video-decoder-webm-vp8: 9c59270c3fd7afecdb556c50c9e8de78 -> 
  custom:SearchIndexIgnoredProperties: e643bd26f0fe6173181afceb89e7c659 -> 
  custom:AudioImporter_EditorPlatform: d09bf68614088b80899f8185d706f6e7 -> 
  custom:video-encoder-webm-vp8: eb34c28f22e8b96e1ab97ce403110664 -> 
  custom:audio-decoder-ogg-vorbis: bf7c407c2cedff20999df2af8eb42d56 -> 
  custom:audio-encoder-webm-vorbis: bf7c407c2cedff20999df2af8eb42d56 -> 
========================================================================
Received Import Request.
  Time since last request: 192880.590877 seconds.
  path: Assets/Objects/Puzzles/CypherWheel/whell.mat
  artifactKey: Guid(f9ab4df56864783439c3b3d6d791027c) Importer(815301076,1909f56bfc062723c751e8b465ee728b)
Start importing Assets/Objects/Puzzles/CypherWheel/whell.mat using Guid(f9ab4df56864783439c3b3d6d791027c) Importer(815301076,1909f56bfc062723c751e8b465ee728b)  -> (artifact id: '6017ff8ef318a762e3e93264b60d8062') in 0.135444 seconds
Number of updated asset objects reloaded before import = 0
Number of asset objects unloaded after import = 1
========================================================================
Received Import Request.
  Time since last request: 3.546576 seconds.
  path: Assets/Objects/Puzzles/CypherWheel/wheel.mat
  artifactKey: Guid(f9ab4df56864783439c3b3d6d791027c) Importer(815301076,1909f56bfc062723c751e8b465ee728b)
Start importing Assets/Objects/Puzzles/CypherWheel/wheel.mat using Guid(f9ab4df56864783439c3b3d6d791027c) Importer(815301076,1909f56bfc062723c751e8b465ee728b)  -> (artifact id: '4ec2265c8a80c2f38a598e2df0e3681d') in 0.015200 seconds
Number of updated asset objects reloaded before import = 0
Number of asset objects unloaded after import = 1
========================================================================
Received Import Request.
  Time since last request: 13.950014 seconds.
  path: Assets/Objects/Puzzles/CypherWheel/cypher_wheel_roda_Normal.png
  artifactKey: Guid(2e41d0862f1e53742a0034e511bf7158) Importer(815301076,1909f56bfc062723c751e8b465ee728b)
Start importing Assets/Objects/Puzzles/CypherWheel/cypher_wheel_roda_Normal.png using Guid(2e41d0862f1e53742a0034e511bf7158) Importer(815301076,1909f56bfc062723c751e8b465ee728b)  -> (artifact id: 'f48cb5ea2627cc8bfc1e165e713e1e0e') in 0.044408 seconds
Number of updated asset objects reloaded before import = 0
Number of asset objects unloaded after import = 2
========================================================================
Received Import Request.
  Time since last request: 10.600108 seconds.
  path: Assets/Objects/Puzzles/CypherWheel/cypher_wheel (1).fbx
  artifactKey: Guid(800de4856fc7d5947b446a4fb64011b8) Importer(815301076,1909f56bfc062723c751e8b465ee728b)
Start importing Assets/Objects/Puzzles/CypherWheel/cypher_wheel (1).fbx using Guid(800de4856fc7d5947b446a4fb64011b8) Importer(815301076,1909f56bfc062723c751e8b465ee728b)  -> (artifact id: '59803e128d9e48bda6f15c62f98c4a04') in 0.101559 seconds
Number of updated asset objects reloaded before import = 0
Number of asset objects unloaded after import = 26
========================================================================
Received Import Request.
  Time since last request: 28.958783 seconds.
  path: Assets/Objects/Puzzles/CypherWheel/metal.mat
  artifactKey: Guid(c76eace874017f744b7c83539a273e98) Importer(815301076,1909f56bfc062723c751e8b465ee728b)
Start importing Assets/Objects/Puzzles/CypherWheel/metal.mat using Guid(c76eace874017f744b7c83539a273e98) Importer(815301076,1909f56bfc062723c751e8b465ee728b)  -> (artifact id: '455e8417980023e65c3020f04e3b752b') in 0.014902 seconds
Number of updated asset objects reloaded before import = 0
Number of asset objects unloaded after import = 1
========================================================================
Received Import Request.
  Time since last request: 19.846391 seconds.
  path: Assets/Objects/Puzzles/CypherWheel/metal_Normal.png
  artifactKey: Guid(5e1529383e257ba4da1106a1599211ec) Importer(815301076,1909f56bfc062723c751e8b465ee728b)
Start importing Assets/Objects/Puzzles/CypherWheel/metal_Normal.png using Guid(5e1529383e257ba4da1106a1599211ec) Importer(815301076,1909f56bfc062723c751e8b465ee728b)  -> (artifact id: '08cadfa362a26f77ba7981e2e641b27e') in 0.021471 seconds
Number of updated asset objects reloaded before import = 0
Number of asset objects unloaded after import = 2
========================================================================
Received Import Request.
  Time since last request: 19.129510 seconds.
  path: Assets/Objects/Puzzles/CypherWheel/cypher_wheel (1).fbx
  artifactKey: Guid(800de4856fc7d5947b446a4fb64011b8) Importer(815301076,1909f56bfc062723c751e8b465ee728b)
Start importing Assets/Objects/Puzzles/CypherWheel/cypher_wheel (1).fbx using Guid(800de4856fc7d5947b446a4fb64011b8) Importer(815301076,1909f56bfc062723c751e8b465ee728b)  -> (artifact id: '25e6fee75bc5c35b93d0a74c02bef6f4') in 0.049880 seconds
Number of updated asset objects reloaded before import = 0
Number of asset objects unloaded after import = 26
========================================================================
Received Import Request.
  Time since last request: 23.874414 seconds.
  path: Assets/Objects/Puzzles/CypherWheel/cypher_wheel (1).fbx
  artifactKey: Guid(800de4856fc7d5947b446a4fb64011b8) Importer(815301076,1909f56bfc062723c751e8b465ee728b)
Start importing Assets/Objects/Puzzles/CypherWheel/cypher_wheel (1).fbx using Guid(800de4856fc7d5947b446a4fb64011b8) Importer(815301076,1909f56bfc062723c751e8b465ee728b)  -> (artifact id: '90ae9d33f5931127539ad793708fec5b') in 0.095974 seconds
Number of updated asset objects reloaded before import = 0
Number of asset objects unloaded after import = 35
