Using pre-set license
Built from '2022.3/staging' branch; Version is '2022.3.10f1 (ff3792e53c62) revision 16725906'; Using compiler version '192829333'; Build Type 'Release'
OS: 'Windows 11  (10.0.22631) 64bit Core' Language: 'pt' Physical Memory: 16230 MB
BatchMode: 1, IsHumanControllingUs: 0, StartBugReporterOnCrash: 0, Is64bit: 1, IsPro: 1

COMMAND LINE ARGUMENTS:
C:\Program Files\Unity\Hub\Editor\2022.3.10f1\Editor\Unity.exe
-adb2
-batchMode
-noUpm
-name
AssetImportWorker3
-projectPath
C:/Users/leand/PJ3/PJ3
-logFile
Logs/AssetImportWorker3.log
-srvPort
52694
Successfully changed project path to: C:/Users/leand/PJ3/PJ3
C:/Users/leand/PJ3/PJ3
[UnityMemory] Configuration Parameters - Can be set up in boot.config
    "memorysetup-bucket-allocator-granularity=16"
    "memorysetup-bucket-allocator-bucket-count=8"
    "memorysetup-bucket-allocator-block-size=33554432"
    "memorysetup-bucket-allocator-block-count=8"
    "memorysetup-main-allocator-block-size=16777216"
    "memorysetup-thread-allocator-block-size=16777216"
    "memorysetup-gfx-main-allocator-block-size=16777216"
    "memorysetup-gfx-thread-allocator-block-size=16777216"
    "memorysetup-cache-allocator-block-size=4194304"
    "memorysetup-typetree-allocator-block-size=2097152"
    "memorysetup-profiler-bucket-allocator-granularity=16"
    "memorysetup-profiler-bucket-allocator-bucket-count=8"
    "memorysetup-profiler-bucket-allocator-block-size=33554432"
    "memorysetup-profiler-bucket-allocator-block-count=8"
    "memorysetup-profiler-allocator-block-size=16777216"
    "memorysetup-profiler-editor-allocator-block-size=1048576"
    "memorysetup-temp-allocator-size-main=16777216"
    "memorysetup-job-temp-allocator-block-size=2097152"
    "memorysetup-job-temp-allocator-block-size-background=1048576"
    "memorysetup-job-temp-allocator-reduction-small-platforms=262144"
    "memorysetup-allocator-temp-initial-block-size-main=262144"
    "memorysetup-allocator-temp-initial-block-size-worker=262144"
    "memorysetup-temp-allocator-size-background-worker=32768"
    "memorysetup-temp-allocator-size-job-worker=262144"
    "memorysetup-temp-allocator-size-preload-manager=33554432"
    "memorysetup-temp-allocator-size-nav-mesh-worker=65536"
    "memorysetup-temp-allocator-size-audio-worker=65536"
    "memorysetup-temp-allocator-size-cloud-worker=32768"
    "memorysetup-temp-allocator-size-gi-baking-worker=262144"
    "memorysetup-temp-allocator-size-gfx=262144"
Player connection [2940] Host "[IP] 192.168.56.1 [Port] 0 [Flags] 2 [Guid] 2738991716 [EditorId] 2738991716 [Version] 1048832 [Id] WindowsEditor(7,DESKTOP-28D9HTE) [Debug] 1 [PackageName] WindowsEditor [ProjectName] Editor" joined multi-casting on [225.0.0.222:54997]...

Player connection [2940] Host "[IP] 192.168.56.1 [Port] 0 [Flags] 2 [Guid] 2738991716 [EditorId] 2738991716 [Version] 1048832 [Id] WindowsEditor(7,DESKTOP-28D9HTE) [Debug] 1 [PackageName] WindowsEditor [ProjectName] Editor" joined alternative multi-casting on [225.0.0.222:34997]...

[Physics::Module] Initialized MultithreadedJobDispatcher with 11 workers.
Refreshing native plugins compatible for Editor in 1716.94 ms, found 3 plugins.
Preloading 0 native plugins for Editor in 0.00 ms.
Initialize engine version: 2022.3.10f1 (ff3792e53c62)
[Subsystems] Discovering subsystems at path C:/Program Files/Unity/Hub/Editor/2022.3.10f1/Editor/Data/Resources/UnitySubsystems
[Subsystems] Discovering subsystems at path C:/Users/leand/PJ3/PJ3/Assets
GfxDevice: creating device client; threaded=0; jobified=0
Direct3D:
    Version:  Direct3D 11.0 [level 11.1]
    Renderer: NVIDIA GeForce GTX 1050 Ti (ID=0x1c21)
    Vendor:   NVIDIA
    VRAM:     3989 MB
    Driver:   31.0.15.5212
Initialize mono
Mono path[0] = 'C:/Program Files/Unity/Hub/Editor/2022.3.10f1/Editor/Data/Managed'
Mono path[1] = 'C:/Program Files/Unity/Hub/Editor/2022.3.10f1/Editor/Data/MonoBleedingEdge/lib/mono/unityjit-win32'
Mono config path = 'C:/Program Files/Unity/Hub/Editor/2022.3.10f1/Editor/Data/MonoBleedingEdge/etc'
Using monoOptions --debugger-agent=transport=dt_socket,embedding=1,server=y,suspend=n,address=127.0.0.1:56984
Begin MonoManager ReloadAssembly
Registering precompiled unity dll's ...
Register platform support module: C:/Program Files/Unity/Hub/Editor/2022.3.10f1/Editor/Data/PlaybackEngines/WebGLSupport/UnityEditor.WebGL.Extensions.dll
Register platform support module: C:/Program Files/Unity/Hub/Editor/2022.3.10f1/Editor/Data/PlaybackEngines/WindowsStandaloneSupport/UnityEditor.WindowsStandalone.Extensions.dll
Registered in 0.252047 seconds.
- Loaded All Assemblies, in  6.788 seconds
Native extension for WindowsStandalone target not found
Native extension for WebGL target not found
Mono: successfully reloaded assembly
- Finished resetting the current domain, in  0.289 seconds
Domain Reload Profiling: 7074ms
	BeginReloadAssembly (4859ms)
		ExecutionOrderSort (0ms)
		DisableScriptedObjects (0ms)
		BackupInstance (0ms)
		ReleaseScriptingObjects (0ms)
		CreateAndSetChildDomain (1ms)
	RebuildCommonClasses (480ms)
	RebuildNativeTypeToScriptingClass (12ms)
	initialDomainReloadingComplete (335ms)
	LoadAllAssembliesAndSetupDomain (1098ms)
		LoadAssemblies (4855ms)
		RebuildTransferFunctionScriptingTraits (0ms)
		AnalyzeDomain (1095ms)
			TypeCache.Refresh (1094ms)
				TypeCache.ScanAssembly (802ms)
			ScanForSourceGeneratedMonoScriptInfo (0ms)
			ResolveRequiredComponents (1ms)
	FinalizeReload (290ms)
		ReleaseScriptCaches (0ms)
		RebuildScriptCaches (0ms)
		SetupLoadedEditorAssemblies (218ms)
			LogAssemblyErrors (0ms)
			InitializePlatformSupportModulesInManaged (10ms)
			SetLoadedEditorAssemblies (6ms)
			RefreshPlugins (0ms)
			BeforeProcessingInitializeOnLoad (2ms)
			ProcessInitializeOnLoadAttributes (135ms)
			ProcessInitializeOnLoadMethodAttributes (64ms)
			AfterProcessingInitializeOnLoad (0ms)
			EditorAssembliesLoaded (0ms)
		ExecutionOrderSort2 (0ms)
		AwakeInstancesAfterBackupRestoration (0ms)
========================================================================
Worker process is ready to serve import requests
Begin MonoManager ReloadAssembly
- Loaded All Assemblies, in  6.180 seconds
Refreshing native plugins compatible for Editor in 4.95 ms, found 3 plugins.
Native extension for WindowsStandalone target not found
Native extension for WebGL target not found
Package Manager log level set to [2]
[Package Manager] Server::EnsureServerProcessIsRunning -- launch failed, reason: Unity was launched with the -noUpm command-line argument
[Package Manager] UpmClient::Send -- Unable to send message (not connected to UPM process).
[Package Manager] Cannot connect to Unity Package Manager local server
Mono: successfully reloaded assembly
- Finished resetting the current domain, in  0.649 seconds
Domain Reload Profiling: 6823ms
	BeginReloadAssembly (172ms)
		ExecutionOrderSort (0ms)
		DisableScriptedObjects (6ms)
		BackupInstance (0ms)
		ReleaseScriptingObjects (0ms)
		CreateAndSetChildDomain (22ms)
	RebuildCommonClasses (38ms)
	RebuildNativeTypeToScriptingClass (19ms)
	initialDomainReloadingComplete (50ms)
	LoadAllAssembliesAndSetupDomain (5894ms)
		LoadAssemblies (5365ms)
		RebuildTransferFunctionScriptingTraits (0ms)
		AnalyzeDomain (634ms)
			TypeCache.Refresh (599ms)
				TypeCache.ScanAssembly (541ms)
			ScanForSourceGeneratedMonoScriptInfo (15ms)
			ResolveRequiredComponents (19ms)
	FinalizeReload (649ms)
		ReleaseScriptCaches (0ms)
		RebuildScriptCaches (0ms)
		SetupLoadedEditorAssemblies (461ms)
			LogAssemblyErrors (0ms)
			InitializePlatformSupportModulesInManaged (7ms)
			SetLoadedEditorAssemblies (3ms)
			RefreshPlugins (0ms)
			BeforeProcessingInitializeOnLoad (69ms)
			ProcessInitializeOnLoadAttributes (353ms)
			ProcessInitializeOnLoadMethodAttributes (18ms)
			AfterProcessingInitializeOnLoad (11ms)
			EditorAssembliesLoaded (0ms)
		ExecutionOrderSort2 (0ms)
		AwakeInstancesAfterBackupRestoration (9ms)
Launched and connected shader compiler UnityShaderCompiler.exe after 0.10 seconds
Refreshing native plugins compatible for Editor in 4.87 ms, found 3 plugins.
Preloading 0 native plugins for Editor in 0.00 ms.
Unloading 3280 Unused Serialized files (Serialized files now loaded: 0)
Unloading 43 unused Assets / (1.3 MB). Loaded Objects now: 3749.
Memory consumption went from 141.3 MB to 140.1 MB.
Total: 3.535800 ms (FindLiveObjects: 0.261500 ms CreateObjectMapping: 0.198500 ms MarkObjects: 2.797700 ms  DeleteObjects: 0.277100 ms)

AssetImportParameters requested are different than current active one (requested -> active):
  custom:container-demuxer-ogg: 62fdf1f143b41e24485cea50d1cbac27 -> 
  custom:video-codec-MediaFoundation-h265: e54d7ab0439102e2317fc1e4b246158d -> 
  custom:video-decoder-ogg-theora: a1e56fd34408186e4bbccfd4996cb3dc -> 
  custom:framework-win-MediaFoundation: 216162199b28c13a410421893ffa2e32 -> 
  custom:CustomObjectIndexerAttribute: 756ad292c208cfabdd7b50bc23989ffe -> 
  custom:container-demuxer-webm: 4f35f7cbe854078d1ac9338744f61a02 -> 
  custom:container-muxer-webm: aa71ff27fc2769a1b78a27578f13a17b -> 
  custom:video-decoder-webm-vp8: 9c59270c3fd7afecdb556c50c9e8de78 -> 
  custom:SearchIndexIgnoredProperties: e643bd26f0fe6173181afceb89e7c659 -> 
  custom:AudioImporter_EditorPlatform: d09bf68614088b80899f8185d706f6e7 -> 
  custom:video-encoder-webm-vp8: eb34c28f22e8b96e1ab97ce403110664 -> 
  custom:audio-decoder-ogg-vorbis: bf7c407c2cedff20999df2af8eb42d56 -> 
  custom:audio-encoder-webm-vorbis: bf7c407c2cedff20999df2af8eb42d56 -> 
========================================================================
Received Import Request.
  Time since last request: 79689.400470 seconds.
  path: Assets/Objects/World/wooden_chair/chair.mat
  artifactKey: Guid(e56b65533d09ebc499b2f4c77f635d1b) Importer(815301076,1909f56bfc062723c751e8b465ee728b)
Start importing Assets/Objects/World/wooden_chair/chair.mat using Guid(e56b65533d09ebc499b2f4c77f635d1b) Importer(815301076,1909f56bfc062723c751e8b465ee728b)  -> (artifact id: '73d9521e9422b2d2f05de7a25ab352d3') in 0.227806 seconds
Number of updated asset objects reloaded before import = 0
Number of asset objects unloaded after import = 6
========================================================================
Received Import Request.
  Time since last request: 117.135524 seconds.
  path: Assets/Objects/Puzzles/notas/secondpage/paginas_page_Roughness.png
  artifactKey: Guid(18a8f9e5119dcf14eb526f8806177c08) Importer(815301076,1909f56bfc062723c751e8b465ee728b)
Start importing Assets/Objects/Puzzles/notas/secondpage/paginas_page_Roughness.png using Guid(18a8f9e5119dcf14eb526f8806177c08) Importer(815301076,1909f56bfc062723c751e8b465ee728b)  -> (artifact id: '265fba456b50ad99522ebdc12d03047f') in 0.036380 seconds
Number of updated asset objects reloaded before import = 0
Number of asset objects unloaded after import = 2
========================================================================
Received Prepare
Begin MonoManager ReloadAssembly
- Loaded All Assemblies, in  0.692 seconds
Refreshing native plugins compatible for Editor in 8.16 ms, found 3 plugins.
Native extension for WindowsStandalone target not found
Native extension for WebGL target not found
[Package Manager] Server::EnsureServerProcessIsRunning -- launch failed, reason: Unity was launched with the -noUpm command-line argument
[Package Manager] UpmClient::Send -- Unable to send message (not connected to UPM process).
[Package Manager] Cannot connect to Unity Package Manager local server
Mono: successfully reloaded assembly
- Finished resetting the current domain, in  1.444 seconds
Domain Reload Profiling: 2127ms
	BeginReloadAssembly (232ms)
		ExecutionOrderSort (0ms)
		DisableScriptedObjects (6ms)
		BackupInstance (0ms)
		ReleaseScriptingObjects (0ms)
		CreateAndSetChildDomain (45ms)
	RebuildCommonClasses (68ms)
	RebuildNativeTypeToScriptingClass (25ms)
	initialDomainReloadingComplete (50ms)
	LoadAllAssembliesAndSetupDomain (308ms)
		LoadAssemblies (413ms)
		RebuildTransferFunctionScriptingTraits (0ms)
		AnalyzeDomain (31ms)
			TypeCache.Refresh (12ms)
				TypeCache.ScanAssembly (1ms)
			ScanForSourceGeneratedMonoScriptInfo (10ms)
			ResolveRequiredComponents (8ms)
	FinalizeReload (1444ms)
		ReleaseScriptCaches (0ms)
		RebuildScriptCaches (0ms)
		SetupLoadedEditorAssemblies (505ms)
			LogAssemblyErrors (0ms)
			InitializePlatformSupportModulesInManaged (8ms)
			SetLoadedEditorAssemblies (4ms)
			RefreshPlugins (0ms)
			BeforeProcessingInitializeOnLoad (92ms)
			ProcessInitializeOnLoadAttributes (366ms)
			ProcessInitializeOnLoadMethodAttributes (21ms)
			AfterProcessingInitializeOnLoad (14ms)
			EditorAssembliesLoaded (0ms)
		ExecutionOrderSort2 (0ms)
		AwakeInstancesAfterBackupRestoration (14ms)
Refreshing native plugins compatible for Editor in 7.17 ms, found 3 plugins.
Preloading 0 native plugins for Editor in 0.00 ms.
Unloading 3232 Unused Serialized files (Serialized files now loaded: 0)
Unloading 34 unused Assets / (1.3 MB). Loaded Objects now: 3794.
Memory consumption went from 135.0 MB to 133.8 MB.
Total: 7.226200 ms (FindLiveObjects: 0.373600 ms CreateObjectMapping: 0.341500 ms MarkObjects: 4.633900 ms  DeleteObjects: 1.870800 ms)

Prepare: number of updated asset objects reloaded= 0
AssetImportParameters requested are different than current active one (requested -> active):
  custom:container-demuxer-ogg: 62fdf1f143b41e24485cea50d1cbac27 -> 
  custom:video-codec-MediaFoundation-h265: e54d7ab0439102e2317fc1e4b246158d -> 
  custom:video-decoder-ogg-theora: a1e56fd34408186e4bbccfd4996cb3dc -> 
  custom:framework-win-MediaFoundation: 216162199b28c13a410421893ffa2e32 -> 
  custom:CustomObjectIndexerAttribute: 756ad292c208cfabdd7b50bc23989ffe -> 
  custom:container-demuxer-webm: 4f35f7cbe854078d1ac9338744f61a02 -> 
  custom:container-muxer-webm: aa71ff27fc2769a1b78a27578f13a17b -> 
  custom:video-decoder-webm-vp8: 9c59270c3fd7afecdb556c50c9e8de78 -> 
  custom:SearchIndexIgnoredProperties: e643bd26f0fe6173181afceb89e7c659 -> 
  custom:AudioImporter_EditorPlatform: d09bf68614088b80899f8185d706f6e7 -> 
  custom:video-encoder-webm-vp8: eb34c28f22e8b96e1ab97ce403110664 -> 
  custom:audio-decoder-ogg-vorbis: bf7c407c2cedff20999df2af8eb42d56 -> 
  custom:audio-encoder-webm-vorbis: bf7c407c2cedff20999df2af8eb42d56 -> 
========================================================================
Received Import Request.
  Time since last request: 345.213785 seconds.
  path: Assets/Objects/Puzzles/fireplace2/fireplace_2_room_victorian_fireplace_Height.png
  artifactKey: Guid(e9dedec6ada62604085e26c38c982efc) Importer(815301076,1909f56bfc062723c751e8b465ee728b)
Start importing Assets/Objects/Puzzles/fireplace2/fireplace_2_room_victorian_fireplace_Height.png using Guid(e9dedec6ada62604085e26c38c982efc) Importer(815301076,1909f56bfc062723c751e8b465ee728b)  -> (artifact id: 'c3e1d2a7314a6046ec9bd4fcfee6198f') in 0.134108 seconds
Number of updated asset objects reloaded before import = 0
Number of asset objects unloaded after import = 2
========================================================================
Received Import Request.
  Time since last request: 0.000034 seconds.
  path: Assets/Objects/Puzzles/fireplace2/fireplace_2_room_victorian_fireplace_Metallic.png
  artifactKey: Guid(0f6d1202c9d607d4e8b278c0302cdfe9) Importer(815301076,1909f56bfc062723c751e8b465ee728b)
Start importing Assets/Objects/Puzzles/fireplace2/fireplace_2_room_victorian_fireplace_Metallic.png using Guid(0f6d1202c9d607d4e8b278c0302cdfe9) Importer(815301076,1909f56bfc062723c751e8b465ee728b)  -> (artifact id: '1e9f28b125218f0ce7903c0f068a2958') in 0.027015 seconds
Number of updated asset objects reloaded before import = 0
Number of asset objects unloaded after import = 2
========================================================================
Received Import Request.
  Time since last request: 0.000027 seconds.
  path: Assets/Objects/Puzzles/fireplace2/fireplace_2_room_victorian_fireplace_Normal.png
  artifactKey: Guid(c35869ca6be26eb40a7e85c0e4098e11) Importer(815301076,1909f56bfc062723c751e8b465ee728b)
Start importing Assets/Objects/Puzzles/fireplace2/fireplace_2_room_victorian_fireplace_Normal.png using Guid(c35869ca6be26eb40a7e85c0e4098e11) Importer(815301076,1909f56bfc062723c751e8b465ee728b)  -> (artifact id: 'b01fc6451d6f2c362ad1998bdd218bf5') in 0.031592 seconds
Number of updated asset objects reloaded before import = 0
Number of asset objects unloaded after import = 2
========================================================================
Received Import Request.
  Time since last request: 244.097128 seconds.
  path: Assets/Objects/Puzzles/fireplace2/fireplace_2_room.fbx
  artifactKey: Guid(f2b3f182482cf2e45ba372799f070e58) Importer(815301076,1909f56bfc062723c751e8b465ee728b)
Start importing Assets/Objects/Puzzles/fireplace2/fireplace_2_room.fbx using Guid(f2b3f182482cf2e45ba372799f070e58) Importer(815301076,1909f56bfc062723c751e8b465ee728b)  -> (artifact id: '2c3e7f4993dffc2f3210e828016f0d9b') in 0.148286 seconds
Number of updated asset objects reloaded before import = 0
Number of asset objects unloaded after import = 20
========================================================================
Received Import Request.
  Time since last request: 2410.887484 seconds.
  path: Assets/UIElements/Tutorial/pressARROWStomoveclock.psd
  artifactKey: Guid(348a3ae83e00a544b9ef6f31bccd0f54) Importer(815301076,1909f56bfc062723c751e8b465ee728b)
Start importing Assets/UIElements/Tutorial/pressARROWStomoveclock.psd using Guid(348a3ae83e00a544b9ef6f31bccd0f54) Importer(815301076,1909f56bfc062723c751e8b465ee728b)  -> (artifact id: '62e9c7111de7e27f9d9ba0ac1df787b8') in 0.106540 seconds
Number of updated asset objects reloaded before import = 0
Number of asset objects unloaded after import = 2
========================================================================
Received Import Request.
  Time since last request: 0.000029 seconds.
  path: Assets/UIElements/Tutorial/pressWASDtomove.psd
  artifactKey: Guid(83d27368bf0273e44a9cfd87f3dbbbdc) Importer(815301076,1909f56bfc062723c751e8b465ee728b)
Start importing Assets/UIElements/Tutorial/pressWASDtomove.psd using Guid(83d27368bf0273e44a9cfd87f3dbbbdc) Importer(815301076,1909f56bfc062723c751e8b465ee728b)  -> (artifact id: 'd68b735cc1038abaf0c017c0713a6969') in 0.056889 seconds
Number of updated asset objects reloaded before import = 0
Number of asset objects unloaded after import = 2
========================================================================
Received Import Request.
  Time since last request: 0.000048 seconds.
  path: Assets/UIElements/Tutorial/pressRtoread.psd
  artifactKey: Guid(0c15c26358c6823498c088d153c6ad65) Importer(815301076,1909f56bfc062723c751e8b465ee728b)
Start importing Assets/UIElements/Tutorial/pressRtoread.psd using Guid(0c15c26358c6823498c088d153c6ad65) Importer(815301076,1909f56bfc062723c751e8b465ee728b)  -> (artifact id: 'cc2072fa8fd9a4550017e2a05eacb679') in 0.028054 seconds
Number of updated asset objects reloaded before import = 0
Number of asset objects unloaded after import = 2
========================================================================
Received Import Request.
  Time since last request: 0.000051 seconds.
  path: Assets/UIElements/Tutorial/pressWASDtomove.png
  artifactKey: Guid(b8f8254a37608c342beb7bc5a2822737) Importer(815301076,1909f56bfc062723c751e8b465ee728b)
Start importing Assets/UIElements/Tutorial/pressWASDtomove.png using Guid(b8f8254a37608c342beb7bc5a2822737) Importer(815301076,1909f56bfc062723c751e8b465ee728b)  -> (artifact id: '10141ea55d971fe4dd8b9396b47480f1') in 0.030201 seconds
Number of updated asset objects reloaded before import = 0
Number of asset objects unloaded after import = 2
========================================================================
Received Import Request.
  Time since last request: 0.000039 seconds.
  path: Assets/UIElements/Tutorial/pressSPACEtojump.png
  artifactKey: Guid(2e950d55527abb042a70afeb7400b94b) Importer(815301076,1909f56bfc062723c751e8b465ee728b)
Start importing Assets/UIElements/Tutorial/pressSPACEtojump.png using Guid(2e950d55527abb042a70afeb7400b94b) Importer(815301076,1909f56bfc062723c751e8b465ee728b)  -> (artifact id: '2c8c802998e78a4ea887a1b0c6dfbaaa') in 0.023981 seconds
Number of updated asset objects reloaded before import = 0
Number of asset objects unloaded after import = 2
========================================================================
Received Import Request.
  Time since last request: 0.000080 seconds.
  path: Assets/UIElements/Tutorial/pressESctoexitorpause.png
  artifactKey: Guid(f6053e096f7be10449fcc0b5cc0bb5a1) Importer(815301076,1909f56bfc062723c751e8b465ee728b)
Start importing Assets/UIElements/Tutorial/pressESctoexitorpause.png using Guid(f6053e096f7be10449fcc0b5cc0bb5a1) Importer(815301076,1909f56bfc062723c751e8b465ee728b)  -> (artifact id: '3dbc0675b0e375d29d88105e9f3f1743') in 0.026221 seconds
Number of updated asset objects reloaded before import = 0
Number of asset objects unloaded after import = 2
========================================================================
Received Import Request.
  Time since last request: 0.000029 seconds.
  path: Assets/UIElements/Tutorial/pressEorLMBtointeract.psd
  artifactKey: Guid(19d9a88818134564caa433b5cbfeb221) Importer(815301076,1909f56bfc062723c751e8b465ee728b)
Start importing Assets/UIElements/Tutorial/pressEorLMBtointeract.psd using Guid(19d9a88818134564caa433b5cbfeb221) Importer(815301076,1909f56bfc062723c751e8b465ee728b)  -> (artifact id: 'fe4e8038f3e7b6982183667382ea6cf7') in 0.049980 seconds
Number of updated asset objects reloaded before import = 0
Number of asset objects unloaded after import = 2
========================================================================
Received Import Request.
  Time since last request: 0.000024 seconds.
  path: Assets/UIElements/Tutorial/pressHtoaskforhelp.psd
  artifactKey: Guid(4653c66e1d9882a4dbb83dbea6e426f9) Importer(815301076,1909f56bfc062723c751e8b465ee728b)
Start importing Assets/UIElements/Tutorial/pressHtoaskforhelp.psd using Guid(4653c66e1d9882a4dbb83dbea6e426f9) Importer(815301076,1909f56bfc062723c751e8b465ee728b)  -> (artifact id: '0cfb2113a0f2ae4c5a2200ea1673fbc9') in 0.033425 seconds
Number of updated asset objects reloaded before import = 0
Number of asset objects unloaded after import = 2
========================================================================
Received Import Request.
  Time since last request: 0.000038 seconds.
  path: Assets/UIElements/Tutorial/pressCtocrouch.png
  artifactKey: Guid(2d283262cc95015408f5b5ec1a2aa578) Importer(815301076,1909f56bfc062723c751e8b465ee728b)
Start importing Assets/UIElements/Tutorial/pressCtocrouch.png using Guid(2d283262cc95015408f5b5ec1a2aa578) Importer(815301076,1909f56bfc062723c751e8b465ee728b)  -> (artifact id: '9401afb3165b58dd89392903c37b6cd6') in 0.028543 seconds
Number of updated asset objects reloaded before import = 0
Number of asset objects unloaded after import = 2
========================================================================
Received Import Request.
  Time since last request: 0.000032 seconds.
  path: Assets/UIElements/Tutorial/pressEorLMBtointeract.png
  artifactKey: Guid(768d13d0d83661042b1a3f1fea5334fb) Importer(815301076,1909f56bfc062723c751e8b465ee728b)
Start importing Assets/UIElements/Tutorial/pressEorLMBtointeract.png using Guid(768d13d0d83661042b1a3f1fea5334fb) Importer(815301076,1909f56bfc062723c751e8b465ee728b)  -> (artifact id: '60e6125ade8981348c79737777d8bf6f') in 0.027120 seconds
Number of updated asset objects reloaded before import = 0
Number of asset objects unloaded after import = 2
========================================================================
Received Import Request.
  Time since last request: 0.000034 seconds.
  path: Assets/UIElements/Tutorial/pressSPACEtojump.psd
  artifactKey: Guid(96aca7e13c5d6b346b34f30b9053aa50) Importer(815301076,1909f56bfc062723c751e8b465ee728b)
Start importing Assets/UIElements/Tutorial/pressSPACEtojump.psd using Guid(96aca7e13c5d6b346b34f30b9053aa50) Importer(815301076,1909f56bfc062723c751e8b465ee728b)  -> (artifact id: '11aff52f298531ec527f8ed524507c18') in 0.035793 seconds
Number of updated asset objects reloaded before import = 0
Number of asset objects unloaded after import = 2
========================================================================
Received Import Request.
  Time since last request: 0.000066 seconds.
  path: Assets/UIElements/Tutorial/pressGtodropitems.png
  artifactKey: Guid(4c3fac8048f200942aa5a3ae535b9a05) Importer(815301076,1909f56bfc062723c751e8b465ee728b)
Start importing Assets/UIElements/Tutorial/pressGtodropitems.png using Guid(4c3fac8048f200942aa5a3ae535b9a05) Importer(815301076,1909f56bfc062723c751e8b465ee728b)  -> (artifact id: 'ff6db6db77c906901f02204427ca1987') in 0.031461 seconds
Number of updated asset objects reloaded before import = 0
Number of asset objects unloaded after import = 2
========================================================================
Received Import Request.
  Time since last request: 0.000020 seconds.
  path: Assets/UIElements/Tutorial/pressVtouseuvlight.png
  artifactKey: Guid(1865f8e108eee8241907e574f351eae8) Importer(815301076,1909f56bfc062723c751e8b465ee728b)
Start importing Assets/UIElements/Tutorial/pressVtouseuvlight.png using Guid(1865f8e108eee8241907e574f351eae8) Importer(815301076,1909f56bfc062723c751e8b465ee728b)  -> (artifact id: '4a1c57bdc2ccc39337783b3b3657aa01') in 0.044981 seconds
Number of updated asset objects reloaded before import = 0
Number of asset objects unloaded after import = 2
Editor requested this worker to shutdown with reason: Scaling down because of idle timeout
TcpMessagingSession - receive error: operation aborted. errorcode: 995, details: A operação de E/S foi cancelada devido a uma saída do módulo ou a um pedido da aplicação.
AssetImportWorker is now disconnected from the server
Process exiting
Exiting without the bug reporter. Application will terminate with return code 0