Using pre-set license
Built from '2022.3/staging' branch; Version is '2022.3.10f1 (ff3792e53c62) revision 16725906'; Using compiler version '192829333'; Build Type 'Release'
OS: 'Windows 11  (10.0.22631) 64bit Core' Language: 'pt' Physical Memory: 16230 MB
BatchMode: 1, IsHumanControllingUs: 0, StartBugReporterOnCrash: 0, Is64bit: 1, IsPro: 1

COMMAND LINE ARGUMENTS:
C:\Program Files\Unity\Hub\Editor\2022.3.10f1\Editor\Unity.exe
-adb2
-batchMode
-noUpm
-name
AssetImportWorker6
-projectPath
C:/Users/leand/PJ3/PJ3
-logFile
Logs/AssetImportWorker6.log
-srvPort
55015
Successfully changed project path to: C:/Users/leand/PJ3/PJ3
C:/Users/leand/PJ3/PJ3
[UnityMemory] Configuration Parameters - Can be set up in boot.config
    "memorysetup-bucket-allocator-granularity=16"
    "memorysetup-bucket-allocator-bucket-count=8"
    "memorysetup-bucket-allocator-block-size=33554432"
    "memorysetup-bucket-allocator-block-count=8"
    "memorysetup-main-allocator-block-size=16777216"
    "memorysetup-thread-allocator-block-size=16777216"
    "memorysetup-gfx-main-allocator-block-size=16777216"
    "memorysetup-gfx-thread-allocator-block-size=16777216"
    "memorysetup-cache-allocator-block-size=4194304"
    "memorysetup-typetree-allocator-block-size=2097152"
    "memorysetup-profiler-bucket-allocator-granularity=16"
    "memorysetup-profiler-bucket-allocator-bucket-count=8"
    "memorysetup-profiler-bucket-allocator-block-size=33554432"
    "memorysetup-profiler-bucket-allocator-block-count=8"
    "memorysetup-profiler-allocator-block-size=16777216"
    "memorysetup-profiler-editor-allocator-block-size=1048576"
    "memorysetup-temp-allocator-size-main=16777216"
    "memorysetup-job-temp-allocator-block-size=2097152"
    "memorysetup-job-temp-allocator-block-size-background=1048576"
    "memorysetup-job-temp-allocator-reduction-small-platforms=262144"
    "memorysetup-allocator-temp-initial-block-size-main=262144"
    "memorysetup-allocator-temp-initial-block-size-worker=262144"
    "memorysetup-temp-allocator-size-background-worker=32768"
    "memorysetup-temp-allocator-size-job-worker=262144"
    "memorysetup-temp-allocator-size-preload-manager=33554432"
    "memorysetup-temp-allocator-size-nav-mesh-worker=65536"
    "memorysetup-temp-allocator-size-audio-worker=65536"
    "memorysetup-temp-allocator-size-cloud-worker=32768"
    "memorysetup-temp-allocator-size-gi-baking-worker=262144"
    "memorysetup-temp-allocator-size-gfx=262144"
Player connection [33752] Host "[IP] 192.168.56.1 [Port] 0 [Flags] 2 [Guid] 89442903 [EditorId] 89442903 [Version] 1048832 [Id] WindowsEditor(7,DESKTOP-28D9HTE) [Debug] 1 [PackageName] WindowsEditor [ProjectName] Editor" joined multi-casting on [225.0.0.222:54997]...

Player connection [33752] Host "[IP] 192.168.56.1 [Port] 0 [Flags] 2 [Guid] 89442903 [EditorId] 89442903 [Version] 1048832 [Id] WindowsEditor(7,DESKTOP-28D9HTE) [Debug] 1 [PackageName] WindowsEditor [ProjectName] Editor" joined alternative multi-casting on [225.0.0.222:34997]...

[Physics::Module] Initialized MultithreadedJobDispatcher with 11 workers.
Refreshing native plugins compatible for Editor in 12.46 ms, found 3 plugins.
Preloading 0 native plugins for Editor in 0.00 ms.
Initialize engine version: 2022.3.10f1 (ff3792e53c62)
[Subsystems] Discovering subsystems at path C:/Program Files/Unity/Hub/Editor/2022.3.10f1/Editor/Data/Resources/UnitySubsystems
[Subsystems] Discovering subsystems at path C:/Users/leand/PJ3/PJ3/Assets
GfxDevice: creating device client; threaded=0; jobified=0
Direct3D:
    Version:  Direct3D 11.0 [level 11.1]
    Renderer: NVIDIA GeForce GTX 1050 Ti (ID=0x1c21)
    Vendor:   NVIDIA
    VRAM:     3989 MB
    Driver:   31.0.15.5212
Initialize mono
Mono path[0] = 'C:/Program Files/Unity/Hub/Editor/2022.3.10f1/Editor/Data/Managed'
Mono path[1] = 'C:/Program Files/Unity/Hub/Editor/2022.3.10f1/Editor/Data/MonoBleedingEdge/lib/mono/unityjit-win32'
Mono config path = 'C:/Program Files/Unity/Hub/Editor/2022.3.10f1/Editor/Data/MonoBleedingEdge/etc'
Using monoOptions --debugger-agent=transport=dt_socket,embedding=1,server=y,suspend=n,address=127.0.0.1:56584
Begin MonoManager ReloadAssembly
Registering precompiled unity dll's ...
Register platform support module: C:/Program Files/Unity/Hub/Editor/2022.3.10f1/Editor/Data/PlaybackEngines/WebGLSupport/UnityEditor.WebGL.Extensions.dll
Register platform support module: C:/Program Files/Unity/Hub/Editor/2022.3.10f1/Editor/Data/PlaybackEngines/WindowsStandaloneSupport/UnityEditor.WindowsStandalone.Extensions.dll
Registered in 0.009303 seconds.
- Loaded All Assemblies, in  0.406 seconds
Native extension for WindowsStandalone target not found
Native extension for WebGL target not found
Mono: successfully reloaded assembly
- Finished resetting the current domain, in  0.291 seconds
Domain Reload Profiling: 693ms
	BeginReloadAssembly (122ms)
		ExecutionOrderSort (0ms)
		DisableScriptedObjects (0ms)
		BackupInstance (0ms)
		ReleaseScriptingObjects (0ms)
		CreateAndSetChildDomain (1ms)
	RebuildCommonClasses (41ms)
	RebuildNativeTypeToScriptingClass (12ms)
	initialDomainReloadingComplete (70ms)
	LoadAllAssembliesAndSetupDomain (156ms)
		LoadAssemblies (118ms)
		RebuildTransferFunctionScriptingTraits (0ms)
		AnalyzeDomain (154ms)
			TypeCache.Refresh (152ms)
				TypeCache.ScanAssembly (138ms)
			ScanForSourceGeneratedMonoScriptInfo (0ms)
			ResolveRequiredComponents (1ms)
	FinalizeReload (292ms)
		ReleaseScriptCaches (0ms)
		RebuildScriptCaches (0ms)
		SetupLoadedEditorAssemblies (214ms)
			LogAssemblyErrors (0ms)
			InitializePlatformSupportModulesInManaged (10ms)
			SetLoadedEditorAssemblies (6ms)
			RefreshPlugins (0ms)
			BeforeProcessingInitializeOnLoad (3ms)
			ProcessInitializeOnLoadAttributes (140ms)
			ProcessInitializeOnLoadMethodAttributes (55ms)
			AfterProcessingInitializeOnLoad (0ms)
			EditorAssembliesLoaded (0ms)
		ExecutionOrderSort2 (0ms)
		AwakeInstancesAfterBackupRestoration (0ms)
========================================================================
Worker process is ready to serve import requests
Begin MonoManager ReloadAssembly
- Loaded All Assemblies, in  0.964 seconds
Refreshing native plugins compatible for Editor in 5.99 ms, found 3 plugins.
Native extension for WindowsStandalone target not found
Native extension for WebGL target not found
Package Manager log level set to [2]
[Package Manager] Server::EnsureServerProcessIsRunning -- launch failed, reason: Unity was launched with the -noUpm command-line argument
[Package Manager] UpmClient::Send -- Unable to send message (not connected to UPM process).
[Package Manager] Cannot connect to Unity Package Manager local server
Mono: successfully reloaded assembly
- Finished resetting the current domain, in  0.845 seconds
Domain Reload Profiling: 1801ms
	BeginReloadAssembly (214ms)
		ExecutionOrderSort (0ms)
		DisableScriptedObjects (7ms)
		BackupInstance (0ms)
		ReleaseScriptingObjects (0ms)
		CreateAndSetChildDomain (28ms)
	RebuildCommonClasses (50ms)
	RebuildNativeTypeToScriptingClass (15ms)
	initialDomainReloadingComplete (70ms)
	LoadAllAssembliesAndSetupDomain (606ms)
		LoadAssemblies (447ms)
		RebuildTransferFunctionScriptingTraits (0ms)
		AnalyzeDomain (282ms)
			TypeCache.Refresh (230ms)
				TypeCache.ScanAssembly (208ms)
			ScanForSourceGeneratedMonoScriptInfo (25ms)
			ResolveRequiredComponents (26ms)
	FinalizeReload (846ms)
		ReleaseScriptCaches (0ms)
		RebuildScriptCaches (0ms)
		SetupLoadedEditorAssemblies (613ms)
			LogAssemblyErrors (0ms)
			InitializePlatformSupportModulesInManaged (9ms)
			SetLoadedEditorAssemblies (6ms)
			RefreshPlugins (0ms)
			BeforeProcessingInitializeOnLoad (84ms)
			ProcessInitializeOnLoadAttributes (470ms)
			ProcessInitializeOnLoadMethodAttributes (29ms)
			AfterProcessingInitializeOnLoad (15ms)
			EditorAssembliesLoaded (0ms)
		ExecutionOrderSort2 (0ms)
		AwakeInstancesAfterBackupRestoration (14ms)
Launched and connected shader compiler UnityShaderCompiler.exe after 0.07 seconds
Refreshing native plugins compatible for Editor in 7.02 ms, found 3 plugins.
Preloading 0 native plugins for Editor in 0.00 ms.
Unloading 3272 Unused Serialized files (Serialized files now loaded: 0)
Unloading 43 unused Assets / (1.3 MB). Loaded Objects now: 3740.
Memory consumption went from 138.7 MB to 137.4 MB.
Total: 5.929800 ms (FindLiveObjects: 0.591600 ms CreateObjectMapping: 0.271800 ms MarkObjects: 4.578100 ms  DeleteObjects: 0.485700 ms)

AssetImportParameters requested are different than current active one (requested -> active):
  custom:container-demuxer-ogg: 62fdf1f143b41e24485cea50d1cbac27 -> 
  custom:video-codec-MediaFoundation-h265: e54d7ab0439102e2317fc1e4b246158d -> 
  custom:video-decoder-ogg-theora: a1e56fd34408186e4bbccfd4996cb3dc -> 
  custom:framework-win-MediaFoundation: 216162199b28c13a410421893ffa2e32 -> 
  custom:CustomObjectIndexerAttribute: 756ad292c208cfabdd7b50bc23989ffe -> 
  custom:container-demuxer-webm: 4f35f7cbe854078d1ac9338744f61a02 -> 
  custom:container-muxer-webm: aa71ff27fc2769a1b78a27578f13a17b -> 
  custom:video-decoder-webm-vp8: 9c59270c3fd7afecdb556c50c9e8de78 -> 
  custom:SearchIndexIgnoredProperties: e643bd26f0fe6173181afceb89e7c659 -> 
  custom:AudioImporter_EditorPlatform: d09bf68614088b80899f8185d706f6e7 -> 
  custom:video-encoder-webm-vp8: eb34c28f22e8b96e1ab97ce403110664 -> 
  custom:audio-decoder-ogg-vorbis: bf7c407c2cedff20999df2af8eb42d56 -> 
  custom:audio-encoder-webm-vorbis: bf7c407c2cedff20999df2af8eb42d56 -> 
========================================================================
Received Import Request.
  Time since last request: 192248.422032 seconds.
  path: Assets/Objects/World/wall_U/wall_U/wall_u.mat
  artifactKey: Guid(d3cc35137c3540145bfc47731fa4ee02) Importer(815301076,1909f56bfc062723c751e8b465ee728b)
Start importing Assets/Objects/World/wall_U/wall_U/wall_u.mat using Guid(d3cc35137c3540145bfc47731fa4ee02) Importer(815301076,1909f56bfc062723c751e8b465ee728b)  -> (artifact id: '89df00274cd1f12f9ef280bc9d37f5ca') in 0.136132 seconds
Number of updated asset objects reloaded before import = 0
Number of asset objects unloaded after import = 1
========================================================================
Received Import Request.
  Time since last request: 15.575891 seconds.
  path: Assets/Objects/World/wall_U/wall_U/wall_U_TT_checker_512x512_UV_GRID_Normal.png
  artifactKey: Guid(f28b59c83dd6c9d44bc917b61e3f1173) Importer(815301076,1909f56bfc062723c751e8b465ee728b)
Start importing Assets/Objects/World/wall_U/wall_U/wall_U_TT_checker_512x512_UV_GRID_Normal.png using Guid(f28b59c83dd6c9d44bc917b61e3f1173) Importer(815301076,1909f56bfc062723c751e8b465ee728b)  -> (artifact id: 'a8b34b59775a7acd6722ff84599afba1') in 0.045799 seconds
Number of updated asset objects reloaded before import = 0
Number of asset objects unloaded after import = 2
========================================================================
Received Import Request.
  Time since last request: 9.973683 seconds.
  path: Assets/Objects/World/wall_U/wall_U/wall_U.fbx
  artifactKey: Guid(b902ebe9ffd12aa46abf760049960863) Importer(815301076,1909f56bfc062723c751e8b465ee728b)
Start importing Assets/Objects/World/wall_U/wall_U/wall_U.fbx using Guid(b902ebe9ffd12aa46abf760049960863) Importer(815301076,1909f56bfc062723c751e8b465ee728b)  -> (artifact id: '5f87bc414b7ebb2ef55eddb176725fad') in 0.050141 seconds
Number of updated asset objects reloaded before import = 0
Number of asset objects unloaded after import = 8
========================================================================
Received Import Request.
  Time since last request: 15.155363 seconds.
  path: Assets/Objects/World/wall_U/wall_U/wall_U.fbx
  artifactKey: Guid(b902ebe9ffd12aa46abf760049960863) Importer(815301076,1909f56bfc062723c751e8b465ee728b)
Start importing Assets/Objects/World/wall_U/wall_U/wall_U.fbx using Guid(b902ebe9ffd12aa46abf760049960863) Importer(815301076,1909f56bfc062723c751e8b465ee728b)  -> (artifact id: 'f574c4e25b1798e51639e93cc35dd58f') in 0.054328 seconds
Number of updated asset objects reloaded before import = 0
Number of asset objects unloaded after import = 12
========================================================================
Received Import Request.
  Time since last request: 139.007704 seconds.
  path: Assets/Objects/World/flask_w_blood/flask_w_blood/textures_w_names_runes
  artifactKey: Guid(17deaab56e10b584c895384a4e6e399a) Importer(815301076,1909f56bfc062723c751e8b465ee728b)
Start importing Assets/Objects/World/flask_w_blood/flask_w_blood/textures_w_names_runes using Guid(17deaab56e10b584c895384a4e6e399a) Importer(815301076,1909f56bfc062723c751e8b465ee728b)  -> (artifact id: 'dd1baf520438053de2b01e204eb1c816') in 0.000761 seconds
Number of updated asset objects reloaded before import = 0
Number of asset objects unloaded after import = 0
========================================================================
Received Import Request.
  Time since last request: 0.625338 seconds.
  path: Assets/Objects/World/flask_w_blood/flask_w_blood/textures_w_names_runes/textures_w_names_runes
  artifactKey: Guid(7b8a886bbee5d67468dfb6704a7b8428) Importer(815301076,1909f56bfc062723c751e8b465ee728b)
Start importing Assets/Objects/World/flask_w_blood/flask_w_blood/textures_w_names_runes/textures_w_names_runes using Guid(7b8a886bbee5d67468dfb6704a7b8428) Importer(815301076,1909f56bfc062723c751e8b465ee728b)  -> (artifact id: '2a9a70c73c575dd4e78a9ed682dde7f7') in 0.000693 seconds
Number of updated asset objects reloaded before import = 0
Number of asset objects unloaded after import = 0
========================================================================
Received Import Request.
  Time since last request: 0.052913 seconds.
  path: Assets/Objects/World/flask_w_blood/flask_w_blood/textures_w_names_runes/textures_w_names_runes/andrew.png
  artifactKey: Guid(a1ea884b11e118545b9ba2baf62c2255) Importer(815301076,1909f56bfc062723c751e8b465ee728b)
Start importing Assets/Objects/World/flask_w_blood/flask_w_blood/textures_w_names_runes/textures_w_names_runes/andrew.png using Guid(a1ea884b11e118545b9ba2baf62c2255) Importer(815301076,1909f56bfc062723c751e8b465ee728b)  -> (artifact id: 'c2fb37266e3c0cc046433ad4b811ca38') in 0.027338 seconds
Number of updated asset objects reloaded before import = 0
Number of asset objects unloaded after import = 2
========================================================================
Received Import Request.
  Time since last request: 0.000093 seconds.
  path: Assets/Objects/World/flask_w_blood/flask_w_blood/textures_w_names_runes/textures_w_names_runes/nothing.png
  artifactKey: Guid(5a0aa6e6f700c4140a01b800f62d4130) Importer(815301076,1909f56bfc062723c751e8b465ee728b)
Start importing Assets/Objects/World/flask_w_blood/flask_w_blood/textures_w_names_runes/textures_w_names_runes/nothing.png using Guid(5a0aa6e6f700c4140a01b800f62d4130) Importer(815301076,1909f56bfc062723c751e8b465ee728b)  -> (artifact id: 'e20859f9da16cffc2f96463351bf5a7a') in 0.030192 seconds
Number of updated asset objects reloaded before import = 0
Number of asset objects unloaded after import = 2
========================================================================
Received Import Request.
  Time since last request: 79.074382 seconds.
  path: Assets/Objects/World/flask_w_blood/flask_w_blood/Vial 1.mat
  artifactKey: Guid(615d444b09b670f48a66cda378bf6e93) Importer(815301076,1909f56bfc062723c751e8b465ee728b)
Start importing Assets/Objects/World/flask_w_blood/flask_w_blood/Vial 1.mat using Guid(615d444b09b670f48a66cda378bf6e93) Importer(815301076,1909f56bfc062723c751e8b465ee728b)  -> (artifact id: '6fc553a2a8bcc121b0db012daedadb51') in 0.069058 seconds
Number of updated asset objects reloaded before import = 0
Number of asset objects unloaded after import = 6
========================================================================
Received Import Request.
  Time since last request: 0.429027 seconds.
  path: Assets/Objects/World/flask_w_blood/flask_w_blood/Vial 2.mat
  artifactKey: Guid(337fd4d79cab0364bb1301a88e2fb18b) Importer(815301076,1909f56bfc062723c751e8b465ee728b)
Start importing Assets/Objects/World/flask_w_blood/flask_w_blood/Vial 2.mat using Guid(337fd4d79cab0364bb1301a88e2fb18b) Importer(815301076,1909f56bfc062723c751e8b465ee728b)  -> (artifact id: '675a1a603163d6d721d23a06b355b0d4') in 0.028698 seconds
Number of updated asset objects reloaded before import = 0
Number of asset objects unloaded after import = 6
========================================================================
Received Import Request.
  Time since last request: 0.480487 seconds.
  path: Assets/Objects/World/flask_w_blood/flask_w_blood/Vial 3.mat
  artifactKey: Guid(8a6459c1dce0fec42b51afd8b7dd5411) Importer(815301076,1909f56bfc062723c751e8b465ee728b)
Start importing Assets/Objects/World/flask_w_blood/flask_w_blood/Vial 3.mat using Guid(8a6459c1dce0fec42b51afd8b7dd5411) Importer(815301076,1909f56bfc062723c751e8b465ee728b)  -> (artifact id: '8915e4f09dbedafdf0887973c24ec11e') in 0.025748 seconds
Number of updated asset objects reloaded before import = 0
Number of asset objects unloaded after import = 6
========================================================================
Received Import Request.
  Time since last request: 63.610147 seconds.
  path: Assets/Objects/World/flask_w_blood/flask_w_blood/flask.fbx
  artifactKey: Guid(e6aa535f2de661545a863b0e7d7eafc6) Importer(815301076,1909f56bfc062723c751e8b465ee728b)
Start importing Assets/Objects/World/flask_w_blood/flask_w_blood/flask.fbx using Guid(e6aa535f2de661545a863b0e7d7eafc6) Importer(815301076,1909f56bfc062723c751e8b465ee728b)  -> (artifact id: 'ded3d12937fee8714257da7e1c2f95b3') in 0.222412 seconds
Number of updated asset objects reloaded before import = 0
Number of asset objects unloaded after import = 36
========================================================================
Received Import Request.
  Time since last request: 10.094535 seconds.
  path: Assets/Objects/World/flask_w_blood/flask_w_blood/flask.fbx
  artifactKey: Guid(e6aa535f2de661545a863b0e7d7eafc6) Importer(815301076,1909f56bfc062723c751e8b465ee728b)
Start importing Assets/Objects/World/flask_w_blood/flask_w_blood/flask.fbx using Guid(e6aa535f2de661545a863b0e7d7eafc6) Importer(815301076,1909f56bfc062723c751e8b465ee728b)  -> (artifact id: '7e11350ce3301315bf4b041b60e5ea74') in 0.095582 seconds
Number of updated asset objects reloaded before import = 0
Number of asset objects unloaded after import = 36
========================================================================
Received Import Request.
  Time since last request: 6.601196 seconds.
  path: Assets/Objects/World/flask_w_blood/flask_w_blood/Vial_Lisa.mat
  artifactKey: Guid(615d444b09b670f48a66cda378bf6e93) Importer(815301076,1909f56bfc062723c751e8b465ee728b)
Start importing Assets/Objects/World/flask_w_blood/flask_w_blood/Vial_Lisa.mat using Guid(615d444b09b670f48a66cda378bf6e93) Importer(815301076,1909f56bfc062723c751e8b465ee728b)  -> (artifact id: 'e65ed97bdd50e24911797fea32fd649f') in 0.030069 seconds
Number of updated asset objects reloaded before import = 0
Number of asset objects unloaded after import = 6
========================================================================
Received Import Request.
  Time since last request: 8.232884 seconds.
  path: Assets/Objects/World/flask_w_blood/flask_w_blood/Vial_Timmy.mat
  artifactKey: Guid(8a6459c1dce0fec42b51afd8b7dd5411) Importer(815301076,1909f56bfc062723c751e8b465ee728b)
Start importing Assets/Objects/World/flask_w_blood/flask_w_blood/Vial_Timmy.mat using Guid(8a6459c1dce0fec42b51afd8b7dd5411) Importer(815301076,1909f56bfc062723c751e8b465ee728b)  -> (artifact id: 'fe90d7f8bafc3db486acc34b21f149a1') in 0.029172 seconds
Number of updated asset objects reloaded before import = 0
Number of asset objects unloaded after import = 6
========================================================================
Received Import Request.
  Time since last request: 8.545376 seconds.
  path: Assets/Objects/World/flask_w_blood/flask_w_blood/Vial_Default.mat
  artifactKey: Guid(337fd4d79cab0364bb1301a88e2fb18b) Importer(815301076,1909f56bfc062723c751e8b465ee728b)
Start importing Assets/Objects/World/flask_w_blood/flask_w_blood/Vial_Default.mat using Guid(337fd4d79cab0364bb1301a88e2fb18b) Importer(815301076,1909f56bfc062723c751e8b465ee728b)  -> (artifact id: '3203f74d1b7159624ed2a4735316117c') in 0.028584 seconds
Number of updated asset objects reloaded before import = 0
Number of asset objects unloaded after import = 6
========================================================================
Received Import Request.
  Time since last request: 84.333298 seconds.
  path: Assets/Objects/Puzzles/CypherWheel
  artifactKey: Guid(02fd64c11d4a99545915b9dd5070e736) Importer(815301076,1909f56bfc062723c751e8b465ee728b)
Start importing Assets/Objects/Puzzles/CypherWheel using Guid(02fd64c11d4a99545915b9dd5070e736) Importer(815301076,1909f56bfc062723c751e8b465ee728b)  -> (artifact id: '8beb42bccfa576042e011aaef60b80ca') in 0.000772 seconds
Number of updated asset objects reloaded before import = 0
Number of asset objects unloaded after import = 0
========================================================================
Received Import Request.
  Time since last request: 7.326411 seconds.
  path: Assets/Objects/Puzzles/CypherWheel/cypher_wheel_texturas
  artifactKey: Guid(6c8d2e33dd6fcef418651f8689cd88db) Importer(815301076,1909f56bfc062723c751e8b465ee728b)
Start importing Assets/Objects/Puzzles/CypherWheel/cypher_wheel_texturas using Guid(6c8d2e33dd6fcef418651f8689cd88db) Importer(815301076,1909f56bfc062723c751e8b465ee728b)  -> (artifact id: '40f87c2648b9d1f47a5a6ebf01b44ad4') in 0.000680 seconds
Number of updated asset objects reloaded before import = 0
Number of asset objects unloaded after import = 0
========================================================================
Received Import Request.
  Time since last request: 0.107973 seconds.
  path: Assets/Objects/Puzzles/CypherWheel/cypher_wheel_texturas/cypher_wheel_roda_BaseColor.png
  artifactKey: Guid(7008a57cd06259f498c524aee622f440) Importer(815301076,1909f56bfc062723c751e8b465ee728b)
Start importing Assets/Objects/Puzzles/CypherWheel/cypher_wheel_texturas/cypher_wheel_roda_BaseColor.png using Guid(7008a57cd06259f498c524aee622f440) Importer(815301076,1909f56bfc062723c751e8b465ee728b)  -> (artifact id: '9cc52d8b87f2b3281754d5927ac11881') in 0.025905 seconds
Number of updated asset objects reloaded before import = 0
Number of asset objects unloaded after import = 2
========================================================================
Received Import Request.
  Time since last request: 0.000030 seconds.
  path: Assets/Objects/Puzzles/CypherWheel/cypher_wheel_texturas/metal_Metallic.png
  artifactKey: Guid(c39ca1b8905e9af4bb44366f91183c35) Importer(815301076,1909f56bfc062723c751e8b465ee728b)
Start importing Assets/Objects/Puzzles/CypherWheel/cypher_wheel_texturas/metal_Metallic.png using Guid(c39ca1b8905e9af4bb44366f91183c35) Importer(815301076,1909f56bfc062723c751e8b465ee728b)  -> (artifact id: 'ba4e41136a3da55ea8b7879049ea9815') in 0.034154 seconds
Number of updated asset objects reloaded before import = 0
Number of asset objects unloaded after import = 2
========================================================================
Received Import Request.
  Time since last request: 0.000022 seconds.
  path: Assets/Objects/Puzzles/CypherWheel/cypher_wheel_texturas/cypher_wheel_roda_Normal.png
  artifactKey: Guid(2e41d0862f1e53742a0034e511bf7158) Importer(815301076,1909f56bfc062723c751e8b465ee728b)
Start importing Assets/Objects/Puzzles/CypherWheel/cypher_wheel_texturas/cypher_wheel_roda_Normal.png using Guid(2e41d0862f1e53742a0034e511bf7158) Importer(815301076,1909f56bfc062723c751e8b465ee728b)  -> (artifact id: '80603b448cf638c0506426d766b99354') in 0.033128 seconds
Number of updated asset objects reloaded before import = 0
Number of asset objects unloaded after import = 2
========================================================================
Received Import Request.
  Time since last request: 0.000018 seconds.
  path: Assets/Objects/Puzzles/CypherWheel/cypher_wheel_texturas/metal_Normal.png
  artifactKey: Guid(5e1529383e257ba4da1106a1599211ec) Importer(815301076,1909f56bfc062723c751e8b465ee728b)
Start importing Assets/Objects/Puzzles/CypherWheel/cypher_wheel_texturas/metal_Normal.png using Guid(5e1529383e257ba4da1106a1599211ec) Importer(815301076,1909f56bfc062723c751e8b465ee728b)  -> (artifact id: 'db1f6b8e068b700f0aa30016f2228a69') in 0.028969 seconds
Number of updated asset objects reloaded before import = 0
Number of asset objects unloaded after import = 2
========================================================================
Received Import Request.
  Time since last request: 0.000029 seconds.
  path: Assets/Objects/Puzzles/CypherWheel/cypher_wheel_texturas/metal_Roughness.png
  artifactKey: Guid(33384474e5e53614c90d336580c92ffe) Importer(815301076,1909f56bfc062723c751e8b465ee728b)
Start importing Assets/Objects/Puzzles/CypherWheel/cypher_wheel_texturas/metal_Roughness.png using Guid(33384474e5e53614c90d336580c92ffe) Importer(815301076,1909f56bfc062723c751e8b465ee728b)  -> (artifact id: 'a0cc66f96f829b17baade077c5f7330d') in 0.029580 seconds
Number of updated asset objects reloaded before import = 0
Number of asset objects unloaded after import = 2
========================================================================
Received Import Request.
  Time since last request: 302.171693 seconds.
  path: Assets/Objects/Puzzles/CypherWheel/metal.mat
  artifactKey: Guid(c76eace874017f744b7c83539a273e98) Importer(815301076,1909f56bfc062723c751e8b465ee728b)
Start importing Assets/Objects/Puzzles/CypherWheel/metal.mat using Guid(c76eace874017f744b7c83539a273e98) Importer(815301076,1909f56bfc062723c751e8b465ee728b)  -> (artifact id: '6fb5b44d872b03d9c3023bd5c31d62be') in 0.031154 seconds
Number of updated asset objects reloaded before import = 0
Number of asset objects unloaded after import = 6
========================================================================
Received Import Request.
  Time since last request: 0.000028 seconds.
  path: Assets/Objects/Puzzles/CypherWheel/wheel.mat
  artifactKey: Guid(f9ab4df56864783439c3b3d6d791027c) Importer(815301076,1909f56bfc062723c751e8b465ee728b)
Start importing Assets/Objects/Puzzles/CypherWheel/wheel.mat using Guid(f9ab4df56864783439c3b3d6d791027c) Importer(815301076,1909f56bfc062723c751e8b465ee728b)  -> (artifact id: '011fe2151bda6d745a2bb73f01bee3d2') in 0.034251 seconds
Number of updated asset objects reloaded before import = 0
Number of asset objects unloaded after import = 5
